<?xml version="1.0" encoding="UTF-8"?>
<robot generator="Robot 7.1.1 (Python 3.11.0 on win32)" generated="2024-11-01T17:27:08.732023" rpa="false" schemaversion="5">
<suite id="s1" name="Login Test" source="C:\robot-test\tests\login_test.robot">
<test id="s1-t1" name="Verify Login Page Elements" line="8">
<kw name="Open Login Page" owner="keywords">
<kw name="Open Browser" owner="SeleniumLibrary">
<msg time="2024-11-01T17:27:09.010271" level="WARN">exexcutable_path is being deprecated. Please use service to configure the driver's executable_path as per documentation.</msg>
<msg time="2024-11-01T17:27:09.011923" level="INFO">Opening browser 'chrome' to base url 'https://the-internet.herokuapp.com/login'.</msg>
<arg>${URL}</arg>
<arg>${BROWSER}</arg>
<arg>executable_path=${DRIVER_PATH}</arg>
<doc>Opens a new browser instance to the optional ``url``.</doc>
<status status="PASS" start="2024-11-01T17:27:09.010271" elapsed="3.774435"/>
</kw>
<kw name="Maximize Browser Window" owner="SeleniumLibrary">
<doc>Maximizes current browser window.</doc>
<status status="PASS" start="2024-11-01T17:27:12.784706" elapsed="0.041881"/>
</kw>
<status status="PASS" start="2024-11-01T17:27:09.010271" elapsed="3.817336"/>
</kw>
<kw name="Page Should Contain Element" owner="SeleniumLibrary">
<msg time="2024-11-01T17:27:12.846329" level="INFO">Current page contains element 'id=username'.</msg>
<arg>${USERNAME_FIELD}</arg>
<doc>Verifies that element ``locator`` is found on the current page.</doc>
<status status="PASS" start="2024-11-01T17:27:12.827998" elapsed="0.018331"/>
</kw>
<kw name="Page Should Contain Element" owner="SeleniumLibrary">
<msg time="2024-11-01T17:27:12.864449" level="INFO">Current page contains element 'id=password'.</msg>
<arg>${PASSWORD_FIELD}</arg>
<doc>Verifies that element ``locator`` is found on the current page.</doc>
<status status="PASS" start="2024-11-01T17:27:12.847362" elapsed="0.017087"/>
</kw>
<kw name="Page Should Contain Element" owner="SeleniumLibrary">
<msg time="2024-11-01T17:27:12.880975" level="INFO">Current page contains element 'xpath=//*[@id="login"]/button/i'.</msg>
<arg>${LOGIN_BUTTON}</arg>
<doc>Verifies that element ``locator`` is found on the current page.</doc>
<status status="PASS" start="2024-11-01T17:27:12.865485" elapsed="0.016523"/>
</kw>
<kw name="Close Browser" owner="SeleniumLibrary">
<doc>Closes the current browser.</doc>
<status status="PASS" start="2024-11-01T17:27:12.882319" elapsed="2.189975"/>
</kw>
<status status="PASS" start="2024-11-01T17:27:09.008266" elapsed="6.064634"/>
</test>
<test id="s1-t2" name="Login With Correct Credentials" line="15">
<kw name="Open Login Page" owner="keywords">
<kw name="Open Browser" owner="SeleniumLibrary">
<msg time="2024-11-01T17:27:15.075256" level="WARN">exexcutable_path is being deprecated. Please use service to configure the driver's executable_path as per documentation.</msg>
<msg time="2024-11-01T17:27:15.076208" level="INFO">Opening browser 'chrome' to base url 'https://the-internet.herokuapp.com/login'.</msg>
<arg>${URL}</arg>
<arg>${BROWSER}</arg>
<arg>executable_path=${DRIVER_PATH}</arg>
<doc>Opens a new browser instance to the optional ``url``.</doc>
<status status="PASS" start="2024-11-01T17:27:15.075256" elapsed="3.441636"/>
</kw>
<kw name="Maximize Browser Window" owner="SeleniumLibrary">
<doc>Maximizes current browser window.</doc>
<status status="PASS" start="2024-11-01T17:27:18.517958" elapsed="0.042500"/>
</kw>
<status status="PASS" start="2024-11-01T17:27:15.075256" elapsed="3.486200"/>
</kw>
<kw name="Enter Credentials" owner="keywords">
<kw name="Input Text" owner="SeleniumLibrary">
<msg time="2024-11-01T17:27:18.563534" level="INFO">Typing text 'tomsmith' into text field 'id=username'.</msg>
<arg>${USERNAME_FIELD}</arg>
<arg>tomsmith</arg>
<doc>Types the given ``text`` into the text field identified by ``locator``.</doc>
<status status="PASS" start="2024-11-01T17:27:18.563475" elapsed="0.154178"/>
</kw>
<kw name="Input Text" owner="SeleniumLibrary">
<msg time="2024-11-01T17:27:18.718652" level="INFO">Typing text 'SuperSecretPassword!' into text field 'id=password'.</msg>
<arg>${PASSWORD_FIELD}</arg>
<arg>SuperSecretPassword!</arg>
<doc>Types the given ``text`` into the text field identified by ``locator``.</doc>
<status status="PASS" start="2024-11-01T17:27:18.718652" elapsed="0.134203"/>
</kw>
<kw name="Click Element" owner="SeleniumLibrary">
<msg time="2024-11-01T17:27:18.853856" level="INFO">Clicking element 'xpath=//*[@id="login"]/button/i'.</msg>
<arg>${LOGIN_BUTTON}</arg>
<doc>Click the element identified by ``locator``.</doc>
<status status="PASS" start="2024-11-01T17:27:18.852855" elapsed="0.410929"/>
</kw>
<status status="PASS" start="2024-11-01T17:27:18.561787" elapsed="0.703000"/>
</kw>
<kw name="Wait Until Page Contains" owner="SeleniumLibrary">
<arg>Welcome to the Secure Area. When you are done click logout below.</arg>
<arg>timeout=5s</arg>
<doc>Waits until ``text`` appears on the current page.</doc>
<status status="PASS" start="2024-11-01T17:27:19.265103" elapsed="0.020350"/>
</kw>
<kw name="Close Browser" owner="SeleniumLibrary">
<doc>Closes the current browser.</doc>
<status status="PASS" start="2024-11-01T17:27:19.286525" elapsed="2.170459"/>
</kw>
<doc>Insere credenciais corretas e verifica o redirecionamento para a página inicial</doc>
<status status="PASS" start="2024-11-01T17:27:15.074254" elapsed="6.382730"/>
</test>
<test id="s1-t3" name="Login With Incorrect Credentials" line="23">
<kw name="Open Login Page" owner="keywords">
<kw name="Open Browser" owner="SeleniumLibrary">
<msg time="2024-11-01T17:27:21.459658" level="WARN">exexcutable_path is being deprecated. Please use service to configure the driver's executable_path as per documentation.</msg>
<msg time="2024-11-01T17:27:21.460627" level="INFO">Opening browser 'chrome' to base url 'https://the-internet.herokuapp.com/login'.</msg>
<arg>${URL}</arg>
<arg>${BROWSER}</arg>
<arg>executable_path=${DRIVER_PATH}</arg>
<doc>Opens a new browser instance to the optional ``url``.</doc>
<status status="PASS" start="2024-11-01T17:27:21.459658" elapsed="3.759301"/>
</kw>
<kw name="Maximize Browser Window" owner="SeleniumLibrary">
<doc>Maximizes current browser window.</doc>
<status status="PASS" start="2024-11-01T17:27:25.218959" elapsed="0.034036"/>
</kw>
<status status="PASS" start="2024-11-01T17:27:21.458711" elapsed="3.794284"/>
</kw>
<kw name="Enter Credentials fail" owner="keywords">
<kw name="Input Text" owner="SeleniumLibrary">
<msg time="2024-11-01T17:27:25.255767" level="INFO">Typing text 'tomsmith' into text field 'id=username'.</msg>
<arg>${USERNAME_FIELD}</arg>
<arg>tomsmith</arg>
<doc>Types the given ``text`` into the text field identified by ``locator``.</doc>
<status status="PASS" start="2024-11-01T17:27:25.255049" elapsed="0.166764"/>
</kw>
<kw name="Input Text" owner="SeleniumLibrary">
<msg time="2024-11-01T17:27:25.422810" level="INFO">Typing text 'wrong_password' into text field 'id=password'.</msg>
<arg>${PASSWORD_FIELD}</arg>
<arg>wrong_password</arg>
<doc>Types the given ``text`` into the text field identified by ``locator``.</doc>
<status status="PASS" start="2024-11-01T17:27:25.421813" elapsed="0.141101"/>
</kw>
<kw name="Click Element" owner="SeleniumLibrary">
<msg time="2024-11-01T17:27:25.562914" level="INFO">Clicking element 'xpath=//*[@id="login"]/button/i'.</msg>
<arg>${LOGIN_BUTTON}</arg>
<doc>Click the element identified by ``locator``.</doc>
<status status="PASS" start="2024-11-01T17:27:25.562914" elapsed="0.409494"/>
</kw>
<status status="PASS" start="2024-11-01T17:27:25.253997" elapsed="0.718411"/>
</kw>
<kw name="Wait Until Page Contains" owner="SeleniumLibrary">
<arg>This is where you can log into the secure area. Enter tomsmith for the username and SuperSecretPassword! for the password. If the information is wrong you should see error messages.</arg>
<arg>timeout=5s</arg>
<doc>Waits until ``text`` appears on the current page.</doc>
<status status="PASS" start="2024-11-01T17:27:25.973408" elapsed="0.021991"/>
</kw>
<kw name="Close Browser" owner="SeleniumLibrary">
<doc>Closes the current browser.</doc>
<status status="PASS" start="2024-11-01T17:27:25.996447" elapsed="2.195525"/>
</kw>
<doc>Insere credenciais incorretas e verifica se uma mensagem de erro é exibida</doc>
<status status="PASS" start="2024-11-01T17:27:21.458142" elapsed="6.733830"/>
</test>
<status status="PASS" start="2024-11-01T17:27:08.735024" elapsed="19.458906"/>
</suite>
<statistics>
<total>
<stat pass="3" fail="0" skip="0">All Tests</stat>
</total>
<tag>
</tag>
<suite>
<stat pass="3" fail="0" skip="0" id="s1" name="Login Test">Login Test</stat>
</suite>
</statistics>
<errors>
<msg time="2024-11-01T17:27:09.010271" level="WARN">exexcutable_path is being deprecated. Please use service to configure the driver's executable_path as per documentation.</msg>
<msg time="2024-11-01T17:27:15.075256" level="WARN">exexcutable_path is being deprecated. Please use service to configure the driver's executable_path as per documentation.</msg>
<msg time="2024-11-01T17:27:21.459658" level="WARN">exexcutable_path is being deprecated. Please use service to configure the driver's executable_path as per documentation.</msg>
</errors>
</robot>
